<?xml version="1.0" encoding="UTF-8"?>
<testng-results ignored="0" total="2" passed="2" failed="0" skipped="0">
  <reporter-output>
  </reporter-output>
  <suite started-at="2026-06-18T18:04:50 IST" name="Default suite" finished-at="2026-06-18T18:05:14 IST" duration-ms="24595">
    <groups>
    </groups>
    <test started-at="2026-06-18T18:04:50 IST" name="Default test" finished-at="2026-06-18T18:05:14 IST" duration-ms="24595">
      <class name="tests.LoginTest">
        <test-method is-config="true" signature="setUp()[pri:0, instance:tests.LoginTest@76505305]" started-at="2026-06-18T18:04:50 IST" name="setUp" finished-at="2026-06-18T18:04:57 IST" duration-ms="7700" status="PASS">
          <reporter-output>
          </reporter-output>
        </test-method> <!-- setUp -->
        <test-method signature="verifyInvalidLogin()[pri:0, instance:tests.LoginTest@76505305]" started-at="2026-06-18T18:04:57 IST" name="verifyInvalidLogin" finished-at="2026-06-18T18:05:00 IST" duration-ms="2455" status="PASS">
          <reporter-output>
          </reporter-output>
        </test-method> <!-- verifyInvalidLogin -->
        <test-method is-config="true" signature="tearDown()[pri:0, instance:tests.LoginTest@76505305]" started-at="2026-06-18T18:05:00 IST" name="tearDown" finished-at="2026-06-18T18:05:00 IST" duration-ms="378" status="PASS">
          <reporter-output>
          </reporter-output>
        </test-method> <!-- tearDown -->
        <test-method is-config="true" signature="setUp()[pri:0, instance:tests.LoginTest@76505305]" started-at="2026-06-18T18:05:00 IST" name="setUp" finished-at="2026-06-18T18:05:03 IST" duration-ms="2639" status="PASS">
          <reporter-output>
          </reporter-output>
        </test-method> <!-- setUp -->
        <test-method signature="verifyValidLogin()[pri:0, instance:tests.LoginTest@76505305]" started-at="2026-06-18T18:05:03 IST" name="verifyValidLogin" finished-at="2026-06-18T18:05:14 IST" duration-ms="11079" status="PASS">
          <reporter-output>
          </reporter-output>
        </test-method> <!-- verifyValidLogin -->
        <test-method is-config="true" signature="tearDown()[pri:0, instance:tests.LoginTest@76505305]" started-at="2026-06-18T18:05:14 IST" name="tearDown" finished-at="2026-06-18T18:05:14 IST" duration-ms="254" status="PASS">
          <reporter-output>
          </reporter-output>
        </test-method> <!-- tearDown -->
      </class> <!-- tests.LoginTest -->
    </test> <!-- Default test -->
  </suite> <!-- Default suite -->
</testng-results>
